<?xml version="1.0" encoding="UTF-8"?>
<!-- Generated by org.testng.reporters.JUnitXMLReporter -->
<testsuite ignored="0" hostname="DESKTOP-3CFO2EU" failures="0" tests="3" name="Default test" time="8.038" errors="0" timestamp="23 Apr 2023 07:12:43 GMT">
  <testcase classname="testcases.SauceDemoLoginTC" name="InvalidLoginTest" time="0.53"/>
  <testcase classname="testcases.SauceDemoLoginTC" name="ValidLoginTest" time="0.367"/>
  <testcase classname="testcases.SauceDemoLoginTC" name="verifyNavigation" time="0.013"/>
</testsuite> <!-- Default test -->
