<?xml version="1.0" encoding="UTF-8"?>
<!-- Generated by org.testng.reporters.JUnitXMLReporter -->
<testsuite ignored="0" hostname="DESKTOP-3CFO2EU" failures="0" tests="3" name="Test" time="8.548" errors="0" timestamp="23 Apr 2023 07:24:54 GMT">
  <testcase classname="testcases.SauceDemoLoginTC" name="InvalidLoginTest" time="0.609"/>
  <testcase classname="testcases.SauceDemoLoginTC" name="ValidLoginTest" time="0.474"/>
  <testcase classname="testcases.SauceDemoLoginTC" name="verifyNavigation" time="0.012"/>
</testsuite> <!-- Test -->
