<?xml version="1.0" encoding="UTF-8"?>
<!-- Generated by org.testng.reporters.JUnitXMLReporter -->
<testsuite hostname="DESKTOP-3CFO2EU" ignored="0" name="Test" tests="3" failures="0" timestamp="23 Apr 2023 07:28:02 GMT" time="11.469" errors="0">
  <testcase name="InvalidLoginTest" time="0.602" classname="testcases.SauceDemoLoginTC"/>
  <testcase name="ValidLoginTest" time="0.46" classname="testcases.SauceDemoLoginTC"/>
  <testcase name="verifyNavigation" time="0.057" classname="testcases.SauceDemoLoginTC"/>
</testsuite> <!-- Test -->
