<?xml version="1.0" encoding="UTF-8"?>
<testng-results skipped="0" failed="0" ignored="0" total="3" passed="3">
  <reporter-output>
  </reporter-output>
  <suite name="Suite" duration-ms="11469" started-at="2023-04-23T07:27:51Z" finished-at="2023-04-23T07:28:02Z">
    <groups>
    </groups>
    <test name="Test" duration-ms="11469" started-at="2023-04-23T07:27:51Z" finished-at="2023-04-23T07:28:02Z">
      <class name="testcases.SauceDemoLoginTC">
        <test-method status="PASS" signature="DataReadSetUp()[pri:0, instance:testcases.SauceDemoLoginTC@709ba3fb]" name="DataReadSetUp" is-config="true" duration-ms="611" started-at="2023-04-23T07:27:51Z" finished-at="2023-04-23T07:27:52Z">
          <reporter-output>
          </reporter-output>
        </test-method> <!-- DataReadSetUp -->
        <test-method status="PASS" signature="WebDriverSetUp(java.lang.reflect.Method)[pri:0, instance:testcases.SauceDemoLoginTC@709ba3fb]" name="WebDriverSetUp" is-config="true" duration-ms="2883" started-at="2023-04-23T07:27:52Z" finished-at="2023-04-23T07:27:55Z">
          <params>
            <param index="0">
              <value>
                <![CDATA[public void testcases.SauceDemoLoginTC.InvalidLoginTest() throws com.codoid.products.exception.FilloException]]>
              </value>
            </param>
          </params>
          <reporter-output>
          </reporter-output>
        </test-method> <!-- WebDriverSetUp -->
        <test-method status="PASS" signature="InvalidLoginTest()[pri:0, instance:testcases.SauceDemoLoginTC@709ba3fb]" name="InvalidLoginTest" duration-ms="602" started-at="2023-04-23T07:27:55Z" finished-at="2023-04-23T07:27:55Z">
          <reporter-output>
          </reporter-output>
        </test-method> <!-- InvalidLoginTest -->
        <test-method status="PASS" signature="FinishTest()[pri:0, instance:testcases.SauceDemoLoginTC@709ba3fb]" name="FinishTest" is-config="true" duration-ms="771" started-at="2023-04-23T07:27:55Z" finished-at="2023-04-23T07:27:56Z">
          <reporter-output>
          </reporter-output>
        </test-method> <!-- FinishTest -->
        <test-method status="PASS" signature="WebDriverSetUp(java.lang.reflect.Method)[pri:0, instance:testcases.SauceDemoLoginTC@709ba3fb]" name="WebDriverSetUp" is-config="true" duration-ms="2171" started-at="2023-04-23T07:27:56Z" finished-at="2023-04-23T07:27:58Z">
          <params>
            <param index="0">
              <value>
                <![CDATA[public void testcases.SauceDemoLoginTC.ValidLoginTest() throws com.codoid.products.exception.FilloException]]>
              </value>
            </param>
          </params>
          <reporter-output>
          </reporter-output>
        </test-method> <!-- WebDriverSetUp -->
        <test-method status="PASS" signature="ValidLoginTest()[pri:0, instance:testcases.SauceDemoLoginTC@709ba3fb]" name="ValidLoginTest" duration-ms="460" started-at="2023-04-23T07:27:58Z" finished-at="2023-04-23T07:27:59Z">
          <reporter-output>
          </reporter-output>
        </test-method> <!-- ValidLoginTest -->
        <test-method status="PASS" signature="FinishTest()[pri:0, instance:testcases.SauceDemoLoginTC@709ba3fb]" name="FinishTest" is-config="true" duration-ms="800" started-at="2023-04-23T07:27:59Z" finished-at="2023-04-23T07:27:59Z">
          <reporter-output>
          </reporter-output>
        </test-method> <!-- FinishTest -->
        <test-method status="PASS" signature="WebDriverSetUp(java.lang.reflect.Method)[pri:0, instance:testcases.SauceDemoLoginTC@709ba3fb]" name="WebDriverSetUp" is-config="true" duration-ms="2178" started-at="2023-04-23T07:27:59Z" finished-at="2023-04-23T07:28:02Z">
          <params>
            <param index="0">
              <value>
                <![CDATA[public void testcases.SauceDemoLoginTC.verifyNavigation() throws java.lang.InterruptedException]]>
              </value>
            </param>
          </params>
          <reporter-output>
          </reporter-output>
        </test-method> <!-- WebDriverSetUp -->
        <test-method status="PASS" signature="verifyNavigation()[pri:0, instance:testcases.SauceDemoLoginTC@709ba3fb]" name="verifyNavigation" duration-ms="57" started-at="2023-04-23T07:28:02Z" finished-at="2023-04-23T07:28:02Z">
          <reporter-output>
          </reporter-output>
        </test-method> <!-- verifyNavigation -->
        <test-method status="PASS" signature="FinishTest()[pri:0, instance:testcases.SauceDemoLoginTC@709ba3fb]" name="FinishTest" is-config="true" duration-ms="905" started-at="2023-04-23T07:28:02Z" finished-at="2023-04-23T07:28:02Z">
          <reporter-output>
          </reporter-output>
        </test-method> <!-- FinishTest -->
      </class> <!-- testcases.SauceDemoLoginTC -->
    </test> <!-- Test -->
  </suite> <!-- Suite -->
</testng-results>
