<?xml version="1.0" encoding="UTF-8"?>
<testng-results ignored="0" total="3" passed="3" failed="0" skipped="0">
  <reporter-output>
  </reporter-output>
  <suite started-at="2023-04-23T07:24:46Z" name="Suite" finished-at="2023-04-23T07:24:54Z" duration-ms="8548">
    <groups>
    </groups>
    <test started-at="2023-04-23T07:24:46Z" name="Test" finished-at="2023-04-23T07:24:54Z" duration-ms="8548">
      <class name="testcases.SauceDemoLoginTC">
        <test-method is-config="true" signature="DataReadSetUp()[pri:0, instance:testcases.SauceDemoLoginTC@71329995]" started-at="2023-04-23T07:24:46Z" name="DataReadSetUp" finished-at="2023-04-23T07:24:46Z" duration-ms="657" status="PASS">
          <reporter-output>
          </reporter-output>
        </test-method> <!-- DataReadSetUp -->
        <test-method is-config="true" signature="WebDriverSetUp(java.lang.reflect.Method)[pri:0, instance:testcases.SauceDemoLoginTC@71329995]" started-at="2023-04-23T07:24:46Z" name="WebDriverSetUp" finished-at="2023-04-23T07:24:49Z" duration-ms="2465" status="PASS">
          <params>
            <param index="0">
              <value>
                <![CDATA[public void testcases.SauceDemoLoginTC.InvalidLoginTest() throws com.codoid.products.exception.FilloException]]>
              </value>
            </param>
          </params>
          <reporter-output>
          </reporter-output>
        </test-method> <!-- WebDriverSetUp -->
        <test-method signature="InvalidLoginTest()[pri:0, instance:testcases.SauceDemoLoginTC@71329995]" started-at="2023-04-23T07:24:49Z" name="InvalidLoginTest" finished-at="2023-04-23T07:24:49Z" duration-ms="609" status="PASS">
          <reporter-output>
          </reporter-output>
        </test-method> <!-- InvalidLoginTest -->
        <test-method is-config="true" signature="FinishTest()[pri:0, instance:testcases.SauceDemoLoginTC@71329995]" started-at="2023-04-23T07:24:49Z" name="FinishTest" finished-at="2023-04-23T07:24:50Z" duration-ms="274" status="PASS">
          <reporter-output>
          </reporter-output>
        </test-method> <!-- FinishTest -->
        <test-method is-config="true" signature="WebDriverSetUp(java.lang.reflect.Method)[pri:0, instance:testcases.SauceDemoLoginTC@71329995]" started-at="2023-04-23T07:24:50Z" name="WebDriverSetUp" finished-at="2023-04-23T07:24:51Z" duration-ms="1802" status="PASS">
          <params>
            <param index="0">
              <value>
                <![CDATA[public void testcases.SauceDemoLoginTC.ValidLoginTest() throws com.codoid.products.exception.FilloException]]>
              </value>
            </param>
          </params>
          <reporter-output>
          </reporter-output>
        </test-method> <!-- WebDriverSetUp -->
        <test-method signature="ValidLoginTest()[pri:0, instance:testcases.SauceDemoLoginTC@71329995]" started-at="2023-04-23T07:24:51Z" name="ValidLoginTest" finished-at="2023-04-23T07:24:52Z" duration-ms="474" status="PASS">
          <reporter-output>
          </reporter-output>
        </test-method> <!-- ValidLoginTest -->
        <test-method is-config="true" signature="FinishTest()[pri:0, instance:testcases.SauceDemoLoginTC@71329995]" started-at="2023-04-23T07:24:52Z" name="FinishTest" finished-at="2023-04-23T07:24:52Z" duration-ms="295" status="PASS">
          <reporter-output>
          </reporter-output>
        </test-method> <!-- FinishTest -->
        <test-method is-config="true" signature="WebDriverSetUp(java.lang.reflect.Method)[pri:0, instance:testcases.SauceDemoLoginTC@71329995]" started-at="2023-04-23T07:24:52Z" name="WebDriverSetUp" finished-at="2023-04-23T07:24:54Z" duration-ms="1691" status="PASS">
          <params>
            <param index="0">
              <value>
                <![CDATA[public void testcases.SauceDemoLoginTC.verifyNavigation() throws java.lang.InterruptedException]]>
              </value>
            </param>
          </params>
          <reporter-output>
          </reporter-output>
        </test-method> <!-- WebDriverSetUp -->
        <test-method signature="verifyNavigation()[pri:0, instance:testcases.SauceDemoLoginTC@71329995]" started-at="2023-04-23T07:24:54Z" name="verifyNavigation" finished-at="2023-04-23T07:24:54Z" duration-ms="12" status="PASS">
          <reporter-output>
          </reporter-output>
        </test-method> <!-- verifyNavigation -->
        <test-method is-config="true" signature="FinishTest()[pri:0, instance:testcases.SauceDemoLoginTC@71329995]" started-at="2023-04-23T07:24:54Z" name="FinishTest" finished-at="2023-04-23T07:24:54Z" duration-ms="242" status="PASS">
          <reporter-output>
          </reporter-output>
        </test-method> <!-- FinishTest -->
      </class> <!-- testcases.SauceDemoLoginTC -->
    </test> <!-- Test -->
  </suite> <!-- Suite -->
</testng-results>
